# JRE version: OpenJDK Runtime Environment (11.0.10) (build 11.0.10+0-b96-7249189)
# Java VM: OpenJDK 64-Bit Server VM (11.0.10+0-b96-7249189, mixed mode, tiered, compressed oops, g1 gc, linux-amd64)
Heap:
 garbage-first heap   total 241664K, used 181760K [0x0000000080000000, 0x0000000100000000)
  region size 1024K, 48 young (49152K), 5 survivors (5120K)
 Metaspace       used 123700K, capacity 127718K, committed 127916K, reserved 1159168K
  class space    used 15873K, capacity 17315K, committed 17408K, reserved 1048576K
GC Heap History (20 events):
Event: 52.438 GC heap before
{Heap before GC invocations=22 (full 0):
 garbage-first heap   total 241664K, used 188885K [0x0000000080000000, 0x0000000100000000)
  region size 1024K, 100 young (102400K), 11 survivors (11264K)
 Metaspace       used 93192K, capacity 95862K, committed 96076K, reserved 1132544K
  class space    used 11925K, capacity 12895K, committed 12928K, reserved 1048576K
}
Event: 52.500 GC heap after
{Heap after GC invocations=23 (full 0):
 garbage-first heap   total 241664K, used 106055K [0x0000000080000000, 0x0000000100000000)
  region size 1024K, 13 young (13312K), 13 survivors (13312K)
 Metaspace       used 93192K, capacity 95862K, committed 96076K, reserved 1132544K
  class space    used 11925K, capacity 12895K, committed 12928K, reserved 1048576K
}
Event: 1027.878 GC heap before
{Heap before GC invocations=23 (full 0):
 garbage-first heap   total 241664K, used 191047K [0x0000000080000000, 0x0000000100000000)
  region size 1024K, 97 young (99328K), 13 survivors (13312K)
 Metaspace       used 94056K, capacity 96817K, committed 96972K, reserved 1132544K
  class space    used 11966K, capacity 12944K, committed 13056K, reserved 1048576K
}
Event: 1027.944 GC heap after
{Heap after GC invocations=24 (full 0):
 garbage-first heap   total 241664K, used 105194K [0x0000000080000000, 0x0000000100000000)
  region size 1024K, 6 young (6144K), 6 survivors (6144K)
 Metaspace       used 94056K, capacity 96817K, committed 96972K, reserved 1132544K
  class space    used 11966K, capacity 12944K, committed 13056K, reserved 1048576K
}
Event: 1043.052 GC heap before
{Heap before GC invocations=24 (full 0):
 garbage-first heap   total 241664K, used 193258K [0x0000000080000000, 0x0000000100000000)
  region size 1024K, 92 young (94208K), 6 survivors (6144K)
 Metaspace       used 96581K, capacity 99576K, committed 99916K, reserved 1136640K
  class space    used 12308K, capacity 13336K, committed 13440K, reserved 1048576K
}
Event: 1043.091 GC heap after
{Heap after GC invocations=25 (full 0):
 garbage-first heap   total 241664K, used 105859K [0x0000000080000000, 0x0000000100000000)
  region size 1024K, 7 young (7168K), 7 survivors (7168K)
 Metaspace       used 96581K, capacity 99576K, committed 99916K, reserved 1136640K
  class space    used 12308K, capacity 13336K, committed 13440K, reserved 1048576K
}
Event: 1046.339 GC heap before
{Heap before GC invocations=25 (full 0):
 garbage-first heap   total 241664K, used 193923K [0x0000000080000000, 0x0000000100000000)
  region size 1024K, 94 young (96256K), 7 survivors (7168K)
 Metaspace       used 101753K, capacity 104771K, committed 105164K, reserved 1140736K
  class space    used 12912K, capacity 13968K, committed 14080K, reserved 1048576K
}
Event: 1046.363 GC heap after
{Heap after GC invocations=26 (full 0):
 garbage-first heap   total 241664K, used 109846K [0x0000000080000000, 0x0000000100000000)
  region size 1024K, 10 young (10240K), 10 survivors (10240K)
 Metaspace       used 101753K, capacity 104771K, committed 105164K, reserved 1140736K
  class space    used 12912K, capacity 13968K, committed 14080K, reserved 1048576K
}
Event: 1047.321 GC heap before
{Heap before GC invocations=26 (full 0):
 garbage-first heap   total 241664K, used 195862K [0x0000000080000000, 0x0000000100000000)
  region size 1024K, 95 young (97280K), 10 survivors (10240K)
 Metaspace       used 102645K, capacity 105782K, committed 106060K, reserved 1140736K
  class space    used 13008K, capacity 14092K, committed 14208K, reserved 1048576K
}
Event: 1047.376 GC heap after
{Heap after GC invocations=27 (full 0):
 garbage-first heap   total 241664K, used 114423K [0x0000000080000000, 0x0000000100000000)
  region size 1024K, 9 young (9216K), 9 survivors (9216K)
 Metaspace       used 102645K, capacity 105782K, committed 106060K, reserved 1140736K
  class space    used 13008K, capacity 14092K, committed 14208K, reserved 1048576K
}
Event: 1051.467 GC heap before
{Heap before GC invocations=27 (full 0):
 garbage-first heap   total 241664K, used 180983K [0x0000000080000000, 0x0000000100000000)
  region size 1024K, 76 young (77824K), 9 survivors (9216K)
 Metaspace       used 105354K, capacity 108540K, committed 108716K, reserved 1142784K
  class space    used 13355K, capacity 14501K, committed 14592K, reserved 1048576K
}
Event: 1051.538 GC heap after
{Heap after GC invocations=28 (full 0):
 garbage-first heap   total 241664K, used 118201K [0x0000000080000000, 0x0000000100000000)
  region size 1024K, 9 young (9216K), 9 survivors (9216K)
 Metaspace       used 105354K, capacity 108540K, committed 108716K, reserved 1142784K
  class space    used 13355K, capacity 14501K, committed 14592K, reserved 1048576K
}
Event: 1052.314 GC heap before
{Heap before GC invocations=29 (full 0):
 garbage-first heap   total 241664K, used 137657K [0x0000000080000000, 0x0000000100000000)
  region size 1024K, 30 young (30720K), 9 survivors (9216K)
 Metaspace       used 110189K, capacity 113307K, committed 113580K, reserved 1148928K
  class space    used 13948K, capacity 15086K, committed 15104K, reserved 1048576K
}
Event: 1052.338 GC heap after
{Heap after GC invocations=30 (full 0):
 garbage-first heap   total 241664K, used 119997K [0x0000000080000000, 0x0000000100000000)
  region size 1024K, 6 young (6144K), 6 survivors (6144K)
 Metaspace       used 110189K, capacity 113307K, committed 113580K, reserved 1148928K
  class space    used 13948K, capacity 15086K, committed 15104K, reserved 1048576K
}
Event: 1058.341 GC heap before
{Heap before GC invocations=31 (full 0):
 garbage-first heap   total 241664K, used 188605K [0x0000000080000000, 0x0000000100000000)
  region size 1024K, 73 young (74752K), 6 survivors (6144K)
 Metaspace       used 113053K, capacity 116267K, committed 116524K, reserved 1150976K
  class space    used 14235K, capacity 15380K, committed 15488K, reserved 1048576K
}
Event: 1058.365 GC heap after
{Heap after GC invocations=32 (full 0):
 garbage-first heap   total 241664K, used 125015K [0x0000000080000000, 0x0000000100000000)
  region size 1024K, 9 young (9216K), 9 survivors (9216K)
 Metaspace       used 113053K, capacity 116267K, committed 116524K, reserved 1150976K
  class space    used 14235K, capacity 15380K, committed 15488K, reserved 1048576K
}
Event: 1072.432 GC heap before
{Heap before GC invocations=33 (full 0):
 garbage-first heap   total 241664K, used 199767K [0x0000000080000000, 0x0000000100000000)
  region size 1024K, 79 young (80896K), 9 survivors (9216K)
 Metaspace       used 119856K, capacity 123494K, committed 123564K, reserved 1157120K
  class space    used 15271K, capacity 16587K, committed 16640K, reserved 1048576K
}
Event: 1072.498 GC heap after
{Heap after GC invocations=34 (full 0):
 garbage-first heap   total 241664K, used 130844K [0x0000000080000000, 0x0000000100000000)
  region size 1024K, 10 young (10240K), 10 survivors (10240K)
 Metaspace       used 119856K, capacity 123494K, committed 123564K, reserved 1157120K
  class space    used 15271K, capacity 16587K, committed 16640K, reserved 1048576K
}
Event: 1073.528 GC heap before
{Heap before GC invocations=34 (full 0):
 garbage-first heap   total 241664K, used 165660K [0x0000000080000000, 0x0000000100000000)
  region size 1024K, 46 young (47104K), 10 survivors (10240K)
 Metaspace       used 121333K, capacity 125085K, committed 125356K, reserved 1157120K
  class space    used 15428K, capacity 16784K, committed 16896K, reserved 1048576K
}
Event: 1073.565 GC heap after
{Heap after GC invocations=35 (full 0):
 garbage-first heap   total 241664K, used 135680K [0x0000000080000000, 0x0000000100000000)
  region size 1024K, 5 young (5120K), 5 survivors (5120K)
 Metaspace       used 121333K, capacity 125085K, committed 125356K, reserved 1157120K
  class space    used 15428K, capacity 16784K, committed 16896K, reserved 1048576K
}

