# JRE version: OpenJDK Runtime Environment (11.0.10) (build 11.0.10+0-b96-7249189)
# Java VM: OpenJDK 64-Bit Server VM (11.0.10+0-b96-7249189, mixed mode, tiered, compressed oops, g1 gc, linux-amd64)
Heap:
 garbage-first heap   total 393216K, used 175479K [0x0000000080000000, 0x0000000100000000)
  region size 1024K, 17 young (17408K), 6 survivors (6144K)
 Metaspace       used 93174K, capacity 95808K, committed 96332K, reserved 1132544K
  class space    used 12236K, capacity 13233K, committed 13388K, reserved 1048576K
GC Heap History (20 events):
Event: 52.351 GC heap before
{Heap before GC invocations=22 (full 0):
 garbage-first heap   total 189440K, used 151552K [0x0000000080000000, 0x0000000100000000)
  region size 1024K, 28 young (28672K), 6 survivors (6144K)
 Metaspace       used 91458K, capacity 94127K, committed 94412K, reserved 1130496K
  class space    used 12178K, capacity 13165K, committed 13260K, reserved 1048576K
}
Event: 52.388 GC heap after
{Heap after GC invocations=23 (full 0):
 garbage-first heap   total 189440K, used 139776K [0x0000000080000000, 0x0000000100000000)
  region size 1024K, 4 young (4096K), 4 survivors (4096K)
 Metaspace       used 91458K, capacity 94127K, committed 94412K, reserved 1130496K
  class space    used 12178K, capacity 13165K, committed 13260K, reserved 1048576K
}
Event: 52.767 GC heap before
{Heap before GC invocations=23 (full 0):
 garbage-first heap   total 189440K, used 154112K [0x0000000080000000, 0x0000000100000000)
  region size 1024K, 19 young (19456K), 4 survivors (4096K)
 Metaspace       used 91946K, capacity 94668K, committed 94796K, reserved 1130496K
  class space    used 12258K, capacity 13278K, committed 13388K, reserved 1048576K
}
Event: 52.812 GC heap after
{Heap after GC invocations=24 (full 0):
 garbage-first heap   total 227328K, used 142573K [0x0000000080000000, 0x0000000100000000)
  region size 1024K, 3 young (3072K), 3 survivors (3072K)
 Metaspace       used 91946K, capacity 94668K, committed 94796K, reserved 1130496K
  class space    used 12258K, capacity 13278K, committed 13388K, reserved 1048576K
}
Event: 53.228 GC heap before
{Heap before GC invocations=24 (full 0):
 garbage-first heap   total 227328K, used 176365K [0x0000000080000000, 0x0000000100000000)
  region size 1024K, 37 young (37888K), 3 survivors (3072K)
 Metaspace       used 92032K, capacity 94766K, committed 95052K, reserved 1130496K
  class space    used 12262K, capacity 13284K, committed 13388K, reserved 1048576K
}
Event: 53.290 GC heap after
{Heap after GC invocations=25 (full 0):
 garbage-first heap   total 227328K, used 149114K [0x0000000080000000, 0x0000000100000000)
  region size 1024K, 5 young (5120K), 5 survivors (5120K)
 Metaspace       used 92032K, capacity 94766K, committed 95052K, reserved 1130496K
  class space    used 12262K, capacity 13284K, committed 13388K, reserved 1048576K
}
Event: 53.760 GC heap before
{Heap before GC invocations=26 (full 0):
 garbage-first heap   total 227328K, used 179834K [0x0000000080000000, 0x0000000100000000)
  region size 1024K, 36 young (36864K), 5 survivors (5120K)
 Metaspace       used 92419K, capacity 95127K, committed 95308K, reserved 1130496K
  class space    used 12267K, capacity 13286K, committed 13388K, reserved 1048576K
}
Event: 53.795 GC heap after
{Heap after GC invocations=27 (full 0):
 garbage-first heap   total 227328K, used 154334K [0x0000000080000000, 0x0000000100000000)
  region size 1024K, 5 young (5120K), 5 survivors (5120K)
 Metaspace       used 92419K, capacity 95127K, committed 95308K, reserved 1130496K
  class space    used 12267K, capacity 13286K, committed 13388K, reserved 1048576K
}
Event: 54.313 GC heap before
{Heap before GC invocations=27 (full 0):
 garbage-first heap   total 227328K, used 183006K [0x0000000080000000, 0x0000000100000000)
  region size 1024K, 34 young (34816K), 5 survivors (5120K)
 Metaspace       used 92750K, capacity 95501K, committed 95820K, reserved 1132544K
  class space    used 12272K, capacity 13319K, committed 13388K, reserved 1048576K
}
Event: 54.346 GC heap after
{Heap after GC invocations=28 (full 0):
 garbage-first heap   total 227328K, used 155091K [0x0000000080000000, 0x0000000100000000)
  region size 1024K, 3 young (3072K), 3 survivors (3072K)
 Metaspace       used 92750K, capacity 95501K, committed 95820K, reserved 1132544K
  class space    used 12272K, capacity 13319K, committed 13388K, reserved 1048576K
}
Event: 54.719 GC heap before
{Heap before GC invocations=28 (full 0):
 garbage-first heap   total 227328K, used 186835K [0x0000000080000000, 0x0000000100000000)
  region size 1024K, 33 young (33792K), 3 survivors (3072K)
 Metaspace       used 92932K, capacity 95701K, committed 96076K, reserved 1132544K
  class space    used 12272K, capacity 13319K, committed 13388K, reserved 1048576K
}
Event: 54.743 GC heap after
{Heap after GC invocations=29 (full 0):
 garbage-first heap   total 273408K, used 158880K [0x0000000080000000, 0x0000000100000000)
  region size 1024K, 5 young (5120K), 5 survivors (5120K)
 Metaspace       used 92932K, capacity 95701K, committed 96076K, reserved 1132544K
  class space    used 12272K, capacity 13319K, committed 13388K, reserved 1048576K
}
Event: 55.668 GC heap before
{Heap before GC invocations=29 (full 0):
 garbage-first heap   total 273408K, used 204960K [0x0000000080000000, 0x0000000100000000)
  region size 1024K, 52 young (53248K), 5 survivors (5120K)
 Metaspace       used 92948K, capacity 95596K, committed 96076K, reserved 1132544K
  class space    used 12228K, capacity 13221K, committed 13388K, reserved 1048576K
}
Event: 55.716 GC heap after
{Heap after GC invocations=30 (full 0):
 garbage-first heap   total 273408K, used 161739K [0x0000000080000000, 0x0000000100000000)
  region size 1024K, 7 young (7168K), 7 survivors (7168K)
 Metaspace       used 92948K, capacity 95596K, committed 96076K, reserved 1132544K
  class space    used 12228K, capacity 13221K, committed 13388K, reserved 1048576K
}
Event: 56.467 GC heap before
{Heap before GC invocations=31 (full 0):
 garbage-first heap   total 273408K, used 217035K [0x0000000080000000, 0x0000000100000000)
  region size 1024K, 55 young (56320K), 7 survivors (7168K)
 Metaspace       used 93132K, capacity 95797K, committed 96332K, reserved 1132544K
  class space    used 12236K, capacity 13233K, committed 13388K, reserved 1048576K
}
Event: 56.489 GC heap after
{Heap after GC invocations=32 (full 0):
 garbage-first heap   total 273408K, used 166656K [0x0000000080000000, 0x0000000100000000)
  region size 1024K, 5 young (5120K), 5 survivors (5120K)
 Metaspace       used 93132K, capacity 95797K, committed 96332K, reserved 1132544K
  class space    used 12236K, capacity 13233K, committed 13388K, reserved 1048576K
}
Event: 56.519 GC heap before
{Heap before GC invocations=32 (full 0):
 garbage-first heap   total 273408K, used 174848K [0x0000000080000000, 0x0000000100000000)
  region size 1024K, 13 young (13312K), 5 survivors (5120K)
 Metaspace       used 93136K, capacity 95797K, committed 96332K, reserved 1132544K
  class space    used 12236K, capacity 13233K, committed 13388K, reserved 1048576K
}
Event: 56.569 GC heap after
{Heap after GC invocations=33 (full 0):
 garbage-first heap   total 273408K, used 160229K [0x0000000080000000, 0x0000000100000000)
  region size 1024K, 2 young (2048K), 2 survivors (2048K)
 Metaspace       used 93136K, capacity 95797K, committed 96332K, reserved 1132544K
  class space    used 12236K, capacity 13233K, committed 13388K, reserved 1048576K
}
Event: 56.616 GC heap before
{Heap before GC invocations=33 (full 0):
 garbage-first heap   total 273408K, used 179685K [0x0000000080000000, 0x0000000100000000)
  region size 1024K, 22 young (22528K), 2 survivors (2048K)
 Metaspace       used 93136K, capacity 95797K, committed 96332K, reserved 1132544K
  class space    used 12236K, capacity 13233K, committed 13388K, reserved 1048576K
}
Event: 56.636 GC heap after
{Heap after GC invocations=34 (full 0):
 garbage-first heap   total 393216K, used 164215K [0x0000000080000000, 0x0000000100000000)
  region size 1024K, 6 young (6144K), 6 survivors (6144K)
 Metaspace       used 93136K, capacity 95797K, committed 96332K, reserved 1132544K
  class space    used 12236K, capacity 13233K, committed 13388K, reserved 1048576K
}

